This is pdfTeX, Version 3.141592653-2.6-1.40.23 (TeX Live 2021/W32TeX) (preloaded format=pdflatex 2021.8.29)  12 SEP 2021 17:09
entering extended mode
 restricted \write18 enabled.
 %&-line parsing enabled.
**skeleton.tex
(./skeleton.tex
LaTeX2e <2021-06-01> patch level 1
L3 programming layer <2021-08-27> (c:/Users/paezha/AppData/Roaming/TinyTeX/texm
f-dist/tex/latex/base/article.cls
Document Class: article 2021/02/12 v1.4n Standard LaTeX document class
(c:/Users/paezha/AppData/Roaming/TinyTeX/texmf-dist/tex/latex/base/size10.clo
File: size10.clo 2021/02/12 v1.4n Standard LaTeX file (size option)
)
\c@part=\count182
\c@section=\count183
\c@subsection=\count184
\c@subsubsection=\count185
\c@paragraph=\count186
\c@subparagraph=\count187
\c@figure=\count188
\c@table=\count189
\abovecaptionskip=\skip47
\belowcaptionskip=\skip48
\bibindent=\dimen138
)
(c:/Users/paezha/AppData/Roaming/TinyTeX/texmf-dist/tex/latex/geometry/geometry
.sty
Package: geometry 2020/01/02 v5.9 Page Geometry

(c:/Users/paezha/AppData/Roaming/TinyTeX/texmf-dist/tex/latex/graphics/keyval.s
ty
Package: keyval 2014/10/28 v1.15 key=value parser (DPC)
\KV@toks@=\toks16
)
(c:/Users/paezha/AppData/Roaming/TinyTeX/texmf-dist/tex/generic/iftex/ifvtex.st
y
Package: ifvtex 2019/10/25 v1.7 ifvtex legacy package. Use iftex instead.

(c:/Users/paezha/AppData/Roaming/TinyTeX/texmf-dist/tex/generic/iftex/iftex.sty
Package: iftex 2020/03/06 v1.0d TeX engine tests
))
\Gm@cnth=\count190
\Gm@cntv=\count191
\c@Gm@tempcnt=\count192
\Gm@bindingoffset=\dimen139
\Gm@wd@mp=\dimen140
\Gm@odd@mp=\dimen141
\Gm@even@mp=\dimen142
\Gm@layoutwidth=\dimen143
\Gm@layoutheight=\dimen144
\Gm@layouthoffset=\dimen145
\Gm@layoutvoffset=\dimen146
\Gm@dimlist=\toks17
) (c:/Users/paezha/AppData/Roaming/TinyTeX/texmf-dist/tex/latex/lm/lmodern.sty
Package: lmodern 2015/05/01 v1.6.1 Latin Modern Fonts
LaTeX Font Info:    Overwriting symbol font `operators' in version `normal'
(Font)                  OT1/cmr/m/n --> OT1/lmr/m/n on input line 22.
LaTeX Font Info:    Overwriting symbol font `letters' in version `normal'
(Font)                  OML/cmm/m/it --> OML/lmm/m/it on input line 23.
LaTeX Font Info:    Overwriting symbol font `symbols' in version `normal'
(Font)                  OMS/cmsy/m/n --> OMS/lmsy/m/n on input line 24.
LaTeX Font Info:    Overwriting symbol font `largesymbols' in version `normal'
(Font)                  OMX/cmex/m/n --> OMX/lmex/m/n on input line 25.
LaTeX Font Info:    Overwriting symbol font `operators' in version `bold'
(Font)                  OT1/cmr/bx/n --> OT1/lmr/bx/n on input line 26.
LaTeX Font Info:    Overwriting symbol font `letters' in version `bold'
(Font)                  OML/cmm/b/it --> OML/lmm/b/it on input line 27.
LaTeX Font Info:    Overwriting symbol font `symbols' in version `bold'
(Font)                  OMS/cmsy/b/n --> OMS/lmsy/b/n on input line 28.
LaTeX Font Info:    Overwriting symbol font `largesymbols' in version `bold'
(Font)                  OMX/cmex/m/n --> OMX/lmex/m/n on input line 29.
LaTeX Font Info:    Overwriting math alphabet `\mathbf' in version `normal'
(Font)                  OT1/cmr/bx/n --> OT1/lmr/bx/n on input line 31.
LaTeX Font Info:    Overwriting math alphabet `\mathsf' in version `normal'
(Font)                  OT1/cmss/m/n --> OT1/lmss/m/n on input line 32.
LaTeX Font Info:    Overwriting math alphabet `\mathit' in version `normal'
(Font)                  OT1/cmr/m/it --> OT1/lmr/m/it on input line 33.
LaTeX Font Info:    Overwriting math alphabet `\mathtt' in version `normal'
(Font)                  OT1/cmtt/m/n --> OT1/lmtt/m/n on input line 34.
LaTeX Font Info:    Overwriting math alphabet `\mathbf' in version `bold'
(Font)                  OT1/cmr/bx/n --> OT1/lmr/bx/n on input line 35.
LaTeX Font Info:    Overwriting math alphabet `\mathsf' in version `bold'
(Font)                  OT1/cmss/bx/n --> OT1/lmss/bx/n on input line 36.
LaTeX Font Info:    Overwriting math alphabet `\mathit' in version `bold'
(Font)                  OT1/cmr/bx/it --> OT1/lmr/bx/it on input line 37.
LaTeX Font Info:    Overwriting math alphabet `\mathtt' in version `bold'
(Font)                  OT1/cmtt/m/n --> OT1/lmtt/m/n on input line 38.
) (c:/Users/paezha/AppData/Roaming/TinyTeX/texmf-dist/tex/latex/base/fontenc.st
y
Package: fontenc 2021/04/29 v2.0v Standard LaTeX package
LaTeX Font Info:    Trying to load font information for T1+lmr on input line 11
2.
(c:/Users/paezha/AppData/Roaming/TinyTeX/texmf-dist/tex/latex/lm/t1lmr.fd
File: t1lmr.fd 2015/05/01 v1.6.1 Font defs for Latin Modern
))
(c:/Users/paezha/AppData/Roaming/TinyTeX/texmf-dist/tex/latex/base/inputenc.sty
Package: inputenc 2021/02/14 v1.3d Input encoding file
\inpenc@prehook=\toks18
\inpenc@posthook=\toks19
)
(c:/Users/paezha/AppData/Roaming/TinyTeX/texmf-dist/tex/latex/abstract/abstract
.sty
Package: abstract 2009/06/08 v1.2a configurable abstracts
\abstitleskip=\skip49
\absleftindent=\skip50
\absrightindent=\skip51
\absparindent=\skip52
\absparsep=\skip53
)
(c:/Users/paezha/AppData/Roaming/TinyTeX/texmf-dist/tex/latex/graphics/color.st
y
Package: color 2020/02/24 v1.2b Standard LaTeX Color (DPC)

(c:/Users/paezha/AppData/Roaming/TinyTeX/texmf-dist/tex/latex/graphics-cfg/colo
r.cfg
File: color.cfg 2016/01/02 v1.6 sample color configuration
)
Package color Info: Driver file: pdftex.def on input line 149.

(c:/Users/paezha/AppData/Roaming/TinyTeX/texmf-dist/tex/latex/graphics-def/pdft
ex.def
File: pdftex.def 2020/10/05 v1.2a Graphics/color driver for pdftex
))
(c:/Users/paezha/AppData/Roaming/TinyTeX/texmf-dist/tex/latex/fancyvrb/fancyvrb
.sty
Package: fancyvrb 2021/08/12 v3.8 verbatim text (tvz,hv)
\FV@CodeLineNo=\count193
\FV@InFile=\read2
\FV@TabBox=\box50
\c@FancyVerbLine=\count194
\FV@StepNumber=\count195
\FV@OutFile=\write3
)
(c:/Users/paezha/AppData/Roaming/TinyTeX/texmf-dist/tex/latex/framed/framed.sty
Package: framed 2011/10/22 v 0.96: framed or shaded text with page breaks
\OuterFrameSep=\skip54
\fb@frw=\dimen147
\fb@frh=\dimen148
\FrameRule=\dimen149
\FrameSep=\dimen150
)
(c:/Users/paezha/AppData/Roaming/TinyTeX/texmf-dist/tex/latex/xcolor/xcolor.sty
Package: xcolor 2016/05/11 v2.12 LaTeX color extensions (UK)

(c:/Users/paezha/AppData/Roaming/TinyTeX/texmf-dist/tex/latex/graphics-cfg/colo
r.cfg
File: color.cfg 2016/01/02 v1.6 sample color configuration
)
Package xcolor Info: Package option `usenames' ignored on input line 216.
Package xcolor Info: Driver file: pdftex.def on input line 225.
LaTeX Info: Redefining \color on input line 709.
Package xcolor Info: Model `cmy' substituted by `cmy0' on input line 1348.
Package xcolor Info: Model `hsb' substituted by `rgb' on input line 1352.
Package xcolor Info: Model `RGB' extended on input line 1364.
Package xcolor Info: Model `HTML' substituted by `rgb' on input line 1366.
Package xcolor Info: Model `Hsb' substituted by `hsb' on input line 1367.
Package xcolor Info: Model `tHsb' substituted by `hsb' on input line 1368.
Package xcolor Info: Model `HSB' substituted by `hsb' on input line 1369.
Package xcolor Info: Model `Gray' substituted by `gray' on input line 1370.
Package xcolor Info: Model `wave' substituted by `hsb' on input line 1371.

(c:/Users/paezha/AppData/Roaming/TinyTeX/texmf-dist/tex/latex/graphics/dvipsnam
.def
File: dvipsnam.def 2016/06/17 v3.0m Driver-dependent file (DPC,SPQR)
))
(c:/Users/paezha/AppData/Roaming/TinyTeX/texmf-dist/tex/latex/tcolorbox/tcolorb
ox.sty
Package: tcolorbox 2021/06/14 version 4.51 text color boxes

(c:/Users/paezha/AppData/Roaming/TinyTeX/texmf-dist/tex/latex/pgf/basiclayer/pg
f.sty
(c:/Users/paezha/AppData/Roaming/TinyTeX/texmf-dist/tex/latex/pgf/utilities/pgf
rcs.sty
(c:/Users/paezha/AppData/Roaming/TinyTeX/texmf-dist/tex/generic/pgf/utilities/p
gfutil-common.tex
\pgfutil@everybye=\toks20
\pgfutil@tempdima=\dimen151
\pgfutil@tempdimb=\dimen152

(c:/Users/paezha/AppData/Roaming/TinyTeX/texmf-dist/tex/generic/pgf/utilities/p
gfutil-common-lists.tex))
(c:/Users/paezha/AppData/Roaming/TinyTeX/texmf-dist/tex/generic/pgf/utilities/p
gfutil-latex.def
\pgfutil@abb=\box51
)
(c:/Users/paezha/AppData/Roaming/TinyTeX/texmf-dist/tex/generic/pgf/utilities/p
gfrcs.code.tex
(c:/Users/paezha/AppData/Roaming/TinyTeX/texmf-dist/tex/generic/pgf/pgf.revisio
n.tex)
Package: pgfrcs 2021/05/15 v3.1.9a (3.1.9a)
))
Package: pgf 2021/05/15 v3.1.9a (3.1.9a)

(c:/Users/paezha/AppData/Roaming/TinyTeX/texmf-dist/tex/latex/pgf/basiclayer/pg
fcore.sty
(c:/Users/paezha/AppData/Roaming/TinyTeX/texmf-dist/tex/latex/graphics/graphicx
.sty
Package: graphicx 2020/12/05 v1.2c Enhanced LaTeX Graphics (DPC,SPQR)

(c:/Users/paezha/AppData/Roaming/TinyTeX/texmf-dist/tex/latex/graphics/graphics
.sty
Package: graphics 2021/03/04 v1.4d Standard LaTeX Graphics (DPC,SPQR)

(c:/Users/paezha/AppData/Roaming/TinyTeX/texmf-dist/tex/latex/graphics/trig.sty
Package: trig 2016/01/03 v1.10 sin cos tan (DPC)
)
(c:/Users/paezha/AppData/Roaming/TinyTeX/texmf-dist/tex/latex/graphics-cfg/grap
hics.cfg
File: graphics.cfg 2016/06/04 v1.11 sample graphics configuration
)
Package graphics Info: Driver file: pdftex.def on input line 107.
)
\Gin@req@height=\dimen153
\Gin@req@width=\dimen154
)
(c:/Users/paezha/AppData/Roaming/TinyTeX/texmf-dist/tex/latex/pgf/systemlayer/p
gfsys.sty
(c:/Users/paezha/AppData/Roaming/TinyTeX/texmf-dist/tex/generic/pgf/systemlayer
/pgfsys.code.tex
Package: pgfsys 2021/05/15 v3.1.9a (3.1.9a)

(c:/Users/paezha/AppData/Roaming/TinyTeX/texmf-dist/tex/generic/pgf/utilities/p
gfkeys.code.tex
\pgfkeys@pathtoks=\toks21
\pgfkeys@temptoks=\toks22

(c:/Users/paezha/AppData/Roaming/TinyTeX/texmf-dist/tex/generic/pgf/utilities/p
gfkeysfiltered.code.tex
\pgfkeys@tmptoks=\toks23
))
\pgf@x=\dimen155
\pgf@y=\dimen156
\pgf@xa=\dimen157
\pgf@ya=\dimen158
\pgf@xb=\dimen159
\pgf@yb=\dimen160
\pgf@xc=\dimen161
\pgf@yc=\dimen162
\pgf@xd=\dimen163
\pgf@yd=\dimen164
\w@pgf@writea=\write4
\r@pgf@reada=\read3
\c@pgf@counta=\count196
\c@pgf@countb=\count197
\c@pgf@countc=\count198
\c@pgf@countd=\count199
\t@pgf@toka=\toks24
\t@pgf@tokb=\toks25
\t@pgf@tokc=\toks26
\pgf@sys@id@count=\count266

(c:/Users/paezha/AppData/Roaming/TinyTeX/texmf-dist/tex/generic/pgf/systemlayer
/pgf.cfg
File: pgf.cfg 2021/05/15 v3.1.9a (3.1.9a)
)
Driver file for pgf: pgfsys-pdftex.def

(c:/Users/paezha/AppData/Roaming/TinyTeX/texmf-dist/tex/generic/pgf/systemlayer
/pgfsys-pdftex.def
File: pgfsys-pdftex.def 2021/05/15 v3.1.9a (3.1.9a)

(c:/Users/paezha/AppData/Roaming/TinyTeX/texmf-dist/tex/generic/pgf/systemlayer
/pgfsys-common-pdf.def
File: pgfsys-common-pdf.def 2021/05/15 v3.1.9a (3.1.9a)
)))
(c:/Users/paezha/AppData/Roaming/TinyTeX/texmf-dist/tex/generic/pgf/systemlayer
/pgfsyssoftpath.code.tex
File: pgfsyssoftpath.code.tex 2021/05/15 v3.1.9a (3.1.9a)
\pgfsyssoftpath@smallbuffer@items=\count267
\pgfsyssoftpath@bigbuffer@items=\count268
)
(c:/Users/paezha/AppData/Roaming/TinyTeX/texmf-dist/tex/generic/pgf/systemlayer
/pgfsysprotocol.code.tex
File: pgfsysprotocol.code.tex 2021/05/15 v3.1.9a (3.1.9a)
))
(c:/Users/paezha/AppData/Roaming/TinyTeX/texmf-dist/tex/generic/pgf/basiclayer/
pgfcore.code.tex
Package: pgfcore 2021/05/15 v3.1.9a (3.1.9a)

(c:/Users/paezha/AppData/Roaming/TinyTeX/texmf-dist/tex/generic/pgf/math/pgfmat
h.code.tex
(c:/Users/paezha/AppData/Roaming/TinyTeX/texmf-dist/tex/generic/pgf/math/pgfmat
hcalc.code.tex
(c:/Users/paezha/AppData/Roaming/TinyTeX/texmf-dist/tex/generic/pgf/math/pgfmat
hutil.code.tex)
(c:/Users/paezha/AppData/Roaming/TinyTeX/texmf-dist/tex/generic/pgf/math/pgfmat
hparser.code.tex
\pgfmath@dimen=\dimen165
\pgfmath@count=\count269
\pgfmath@box=\box52
\pgfmath@toks=\toks27
\pgfmath@stack@operand=\toks28
\pgfmath@stack@operation=\toks29
)
(c:/Users/paezha/AppData/Roaming/TinyTeX/texmf-dist/tex/generic/pgf/math/pgfmat
hfunctions.code.tex
(c:/Users/paezha/AppData/Roaming/TinyTeX/texmf-dist/tex/generic/pgf/math/pgfmat
hfunctions.basic.code.tex)
(c:/Users/paezha/AppData/Roaming/TinyTeX/texmf-dist/tex/generic/pgf/math/pgfmat
hfunctions.trigonometric.code.tex)
(c:/Users/paezha/AppData/Roaming/TinyTeX/texmf-dist/tex/generic/pgf/math/pgfmat
hfunctions.random.code.tex)
(c:/Users/paezha/AppData/Roaming/TinyTeX/texmf-dist/tex/generic/pgf/math/pgfmat
hfunctions.comparison.code.tex)
(c:/Users/paezha/AppData/Roaming/TinyTeX/texmf-dist/tex/generic/pgf/math/pgfmat
hfunctions.base.code.tex)
(c:/Users/paezha/AppData/Roaming/TinyTeX/texmf-dist/tex/generic/pgf/math/pgfmat
hfunctions.round.code.tex)
(c:/Users/paezha/AppData/Roaming/TinyTeX/texmf-dist/tex/generic/pgf/math/pgfmat
hfunctions.misc.code.tex)
(c:/Users/paezha/AppData/Roaming/TinyTeX/texmf-dist/tex/generic/pgf/math/pgfmat
hfunctions.integerarithmetics.code.tex)))
(c:/Users/paezha/AppData/Roaming/TinyTeX/texmf-dist/tex/generic/pgf/math/pgfmat
hfloat.code.tex
\c@pgfmathroundto@lastzeros=\count270
))
(c:/Users/paezha/AppData/Roaming/TinyTeX/texmf-dist/tex/generic/pgf/math/pgfint
.code.tex)
(c:/Users/paezha/AppData/Roaming/TinyTeX/texmf-dist/tex/generic/pgf/basiclayer/
pgfcorepoints.code.tex
File: pgfcorepoints.code.tex 2021/05/15 v3.1.9a (3.1.9a)
\pgf@picminx=\dimen166
\pgf@picmaxx=\dimen167
\pgf@picminy=\dimen168
\pgf@picmaxy=\dimen169
\pgf@pathminx=\dimen170
\pgf@pathmaxx=\dimen171
\pgf@pathminy=\dimen172
\pgf@pathmaxy=\dimen173
\pgf@xx=\dimen174
\pgf@xy=\dimen175
\pgf@yx=\dimen176
\pgf@yy=\dimen177
\pgf@zx=\dimen178
\pgf@zy=\dimen179
)
(c:/Users/paezha/AppData/Roaming/TinyTeX/texmf-dist/tex/generic/pgf/basiclayer/
pgfcorepathconstruct.code.tex
File: pgfcorepathconstruct.code.tex 2021/05/15 v3.1.9a (3.1.9a)
\pgf@path@lastx=\dimen180
\pgf@path@lasty=\dimen181
)
(c:/Users/paezha/AppData/Roaming/TinyTeX/texmf-dist/tex/generic/pgf/basiclayer/
pgfcorepathusage.code.tex
File: pgfcorepathusage.code.tex 2021/05/15 v3.1.9a (3.1.9a)
\pgf@shorten@end@additional=\dimen182
\pgf@shorten@start@additional=\dimen183
)
(c:/Users/paezha/AppData/Roaming/TinyTeX/texmf-dist/tex/generic/pgf/basiclayer/
pgfcorescopes.code.tex
File: pgfcorescopes.code.tex 2021/05/15 v3.1.9a (3.1.9a)
\pgfpic=\box53
\pgf@hbox=\box54
\pgf@layerbox@main=\box55
\pgf@picture@serial@count=\count271
)
(c:/Users/paezha/AppData/Roaming/TinyTeX/texmf-dist/tex/generic/pgf/basiclayer/
pgfcoregraphicstate.code.tex
File: pgfcoregraphicstate.code.tex 2021/05/15 v3.1.9a (3.1.9a)
\pgflinewidth=\dimen184
)
(c:/Users/paezha/AppData/Roaming/TinyTeX/texmf-dist/tex/generic/pgf/basiclayer/
pgfcoretransformations.code.tex
File: pgfcoretransformations.code.tex 2021/05/15 v3.1.9a (3.1.9a)
\pgf@pt@x=\dimen185
\pgf@pt@y=\dimen186
\pgf@pt@temp=\dimen187
)
(c:/Users/paezha/AppData/Roaming/TinyTeX/texmf-dist/tex/generic/pgf/basiclayer/
pgfcorequick.code.tex
File: pgfcorequick.code.tex 2021/05/15 v3.1.9a (3.1.9a)
)
(c:/Users/paezha/AppData/Roaming/TinyTeX/texmf-dist/tex/generic/pgf/basiclayer/
pgfcoreobjects.code.tex
File: pgfcoreobjects.code.tex 2021/05/15 v3.1.9a (3.1.9a)
)
(c:/Users/paezha/AppData/Roaming/TinyTeX/texmf-dist/tex/generic/pgf/basiclayer/
pgfcorepathprocessing.code.tex
File: pgfcorepathprocessing.code.tex 2021/05/15 v3.1.9a (3.1.9a)
)
(c:/Users/paezha/AppData/Roaming/TinyTeX/texmf-dist/tex/generic/pgf/basiclayer/
pgfcorearrows.code.tex
File: pgfcorearrows.code.tex 2021/05/15 v3.1.9a (3.1.9a)
\pgfarrowsep=\dimen188
)
(c:/Users/paezha/AppData/Roaming/TinyTeX/texmf-dist/tex/generic/pgf/basiclayer/
pgfcoreshade.code.tex
File: pgfcoreshade.code.tex 2021/05/15 v3.1.9a (3.1.9a)
\pgf@max=\dimen189
\pgf@sys@shading@range@num=\count272
\pgf@shadingcount=\count273
)
(c:/Users/paezha/AppData/Roaming/TinyTeX/texmf-dist/tex/generic/pgf/basiclayer/
pgfcoreimage.code.tex
File: pgfcoreimage.code.tex 2021/05/15 v3.1.9a (3.1.9a)

(c:/Users/paezha/AppData/Roaming/TinyTeX/texmf-dist/tex/generic/pgf/basiclayer/
pgfcoreexternal.code.tex
File: pgfcoreexternal.code.tex 2021/05/15 v3.1.9a (3.1.9a)
\pgfexternal@startupbox=\box56
))
(c:/Users/paezha/AppData/Roaming/TinyTeX/texmf-dist/tex/generic/pgf/basiclayer/
pgfcorelayers.code.tex
File: pgfcorelayers.code.tex 2021/05/15 v3.1.9a (3.1.9a)
)
(c:/Users/paezha/AppData/Roaming/TinyTeX/texmf-dist/tex/generic/pgf/basiclayer/
pgfcoretransparency.code.tex
File: pgfcoretransparency.code.tex 2021/05/15 v3.1.9a (3.1.9a)
)
(c:/Users/paezha/AppData/Roaming/TinyTeX/texmf-dist/tex/generic/pgf/basiclayer/
pgfcorepatterns.code.tex
File: pgfcorepatterns.code.tex 2021/05/15 v3.1.9a (3.1.9a)
)
(c:/Users/paezha/AppData/Roaming/TinyTeX/texmf-dist/tex/generic/pgf/basiclayer/
pgfcorerdf.code.tex
File: pgfcorerdf.code.tex 2021/05/15 v3.1.9a (3.1.9a)
)))
(c:/Users/paezha/AppData/Roaming/TinyTeX/texmf-dist/tex/generic/pgf/modules/pgf
moduleshapes.code.tex
File: pgfmoduleshapes.code.tex 2021/05/15 v3.1.9a (3.1.9a)
\pgfnodeparttextbox=\box57
)
(c:/Users/paezha/AppData/Roaming/TinyTeX/texmf-dist/tex/generic/pgf/modules/pgf
moduleplot.code.tex
File: pgfmoduleplot.code.tex 2021/05/15 v3.1.9a (3.1.9a)
)
(c:/Users/paezha/AppData/Roaming/TinyTeX/texmf-dist/tex/latex/pgf/compatibility
/pgfcomp-version-0-65.sty
Package: pgfcomp-version-0-65 2021/05/15 v3.1.9a (3.1.9a)
\pgf@nodesepstart=\dimen190
\pgf@nodesepend=\dimen191
)
(c:/Users/paezha/AppData/Roaming/TinyTeX/texmf-dist/tex/latex/pgf/compatibility
/pgfcomp-version-1-18.sty
Package: pgfcomp-version-1-18 2021/05/15 v3.1.9a (3.1.9a)
))
(c:/Users/paezha/AppData/Roaming/TinyTeX/texmf-dist/tex/latex/tools/verbatim.st
y
Package: verbatim 2020-07-07 v1.5u LaTeX2e package for verbatim enhancements
\every@verbatim=\toks30
\verbatim@line=\toks31
\verbatim@in@stream=\read4
)
(c:/Users/paezha/AppData/Roaming/TinyTeX/texmf-dist/tex/latex/environ/environ.s
ty
Package: environ 2014/05/04 v0.3 A new way to define environments

(c:/Users/paezha/AppData/Roaming/TinyTeX/texmf-dist/tex/latex/trimspaces/trimsp
aces.sty
Package: trimspaces 2009/09/17 v1.1 Trim spaces around a token list
)
\@envbody=\toks32
)
(c:/Users/paezha/AppData/Roaming/TinyTeX/texmf-dist/tex/latex/etoolbox/etoolbox
.sty
Package: etoolbox 2020/10/05 v2.5k e-TeX tools for LaTeX (JAW)
\etb@tempcnta=\count274
)
\tcb@titlebox=\box58
\tcb@upperbox=\box59
\tcb@lowerbox=\box60
\tcb@phantombox=\box61
\c@tcbbreakpart=\count275
\c@tcblayer=\count276
\c@tcolorbox@number=\count277
\tcb@temp=\box62
\tcb@temp=\box63
\tcb@temp=\box64
\tcb@temp=\box65
)
(c:/Users/paezha/AppData/Roaming/TinyTeX/texmf-dist/tex/latex/grffile/grffile.s
ty
Package: grffile 2019/11/11 v2.1 Extended file name support for graphics (legac
y)
Package grffile Info: This package is an empty stub for compatibility on input 
line 40.
)
(c:/Users/paezha/AppData/Roaming/TinyTeX/texmf-dist/tex/latex/titlesec/titlesec
.sty
Package: titlesec 2021/07/05 v2.14 Sectioning titles
\ttl@box=\box66
\beforetitleunit=\skip55
\aftertitleunit=\skip56
\ttl@plus=\dimen192
\ttl@minus=\dimen193
\ttl@toksa=\toks33
\titlewidth=\dimen194
\titlewidthlast=\dimen195
\titlewidthfirst=\dimen196
)
(c:/Users/paezha/AppData/Roaming/TinyTeX/texmf-dist/tex/latex/fancyhdr/fancyhdr
.sty
Package: fancyhdr 2021/01/28 v4.0.1 Extensive control of page headers and foote
rs
\f@nch@headwidth=\skip57
\f@nch@O@elh=\skip58
\f@nch@O@erh=\skip59
\f@nch@O@olh=\skip60
\f@nch@O@orh=\skip61
\f@nch@O@elf=\skip62
\f@nch@O@erf=\skip63
\f@nch@O@olf=\skip64
\f@nch@O@orf=\skip65
)
(c:/Users/paezha/AppData/Roaming/TinyTeX/texmf-dist/tex/latex/hyperref/hyperref
.sty
Package: hyperref 2021-06-07 v7.00m Hypertext links for LaTeX

(c:/Users/paezha/AppData/Roaming/TinyTeX/texmf-dist/tex/generic/ltxcmds/ltxcmds
.sty
Package: ltxcmds 2020-05-10 v1.25 LaTeX kernel commands for general use (HO)
)
(c:/Users/paezha/AppData/Roaming/TinyTeX/texmf-dist/tex/generic/pdftexcmds/pdft
excmds.sty
Package: pdftexcmds 2020-06-27 v0.33 Utility functions of pdfTeX for LuaTeX (HO
)

(c:/Users/paezha/AppData/Roaming/TinyTeX/texmf-dist/tex/generic/infwarerr/infwa
rerr.sty
Package: infwarerr 2019/12/03 v1.5 Providing info/warning/error messages (HO)
)
Package pdftexcmds Info: \pdf@primitive is available.
Package pdftexcmds Info: \pdf@ifprimitive is available.
Package pdftexcmds Info: \pdfdraftmode found.
)
(c:/Users/paezha/AppData/Roaming/TinyTeX/texmf-dist/tex/generic/kvsetkeys/kvset
keys.sty
Package: kvsetkeys 2019/12/15 v1.18 Key value parser (HO)
)
(c:/Users/paezha/AppData/Roaming/TinyTeX/texmf-dist/tex/generic/kvdefinekeys/kv
definekeys.sty
Package: kvdefinekeys 2019-12-19 v1.6 Define keys (HO)
)
(c:/Users/paezha/AppData/Roaming/TinyTeX/texmf-dist/tex/generic/pdfescape/pdfes
cape.sty
Package: pdfescape 2019/12/09 v1.15 Implements pdfTeX's escape features (HO)
)
(c:/Users/paezha/AppData/Roaming/TinyTeX/texmf-dist/tex/latex/hycolor/hycolor.s
ty
Package: hycolor 2020-01-27 v1.10 Color options for hyperref/bookmark (HO)
)
(c:/Users/paezha/AppData/Roaming/TinyTeX/texmf-dist/tex/latex/letltxmacro/letlt
xmacro.sty
Package: letltxmacro 2019/12/03 v1.6 Let assignment for LaTeX macros (HO)
)
(c:/Users/paezha/AppData/Roaming/TinyTeX/texmf-dist/tex/latex/auxhook/auxhook.s
ty
Package: auxhook 2019-12-17 v1.6 Hooks for auxiliary files (HO)
)
(c:/Users/paezha/AppData/Roaming/TinyTeX/texmf-dist/tex/latex/kvoptions/kvoptio
ns.sty
Package: kvoptions 2020-10-07 v3.14 Key value format for package options (HO)
)
\@linkdim=\dimen197
\Hy@linkcounter=\count278
\Hy@pagecounter=\count279

(c:/Users/paezha/AppData/Roaming/TinyTeX/texmf-dist/tex/latex/hyperref/pd1enc.d
ef
File: pd1enc.def 2021-06-07 v7.00m Hyperref: PDFDocEncoding definition (HO)
Now handling font encoding PD1 ...
... no UTF-8 mapping file for font encoding PD1
)
(c:/Users/paezha/AppData/Roaming/TinyTeX/texmf-dist/tex/latex/hyperref/hyperref
-langpatches.def
File: hyperref-langpatches.def 2021-06-07 v7.00m Hyperref: patches for babel la
nguages
)
(c:/Users/paezha/AppData/Roaming/TinyTeX/texmf-dist/tex/generic/intcalc/intcalc
.sty
Package: intcalc 2019/12/15 v1.3 Expandable calculations with integers (HO)
)
(c:/Users/paezha/AppData/Roaming/TinyTeX/texmf-dist/tex/generic/etexcmds/etexcm
ds.sty
Package: etexcmds 2019/12/15 v1.7 Avoid name clashes with e-TeX commands (HO)
)
\Hy@SavedSpaceFactor=\count280

(c:/Users/paezha/AppData/Roaming/TinyTeX/texmf-dist/tex/latex/hyperref/puenc.de
f
File: puenc.def 2021-06-07 v7.00m Hyperref: PDF Unicode definition (HO)
Now handling font encoding PU ...
... no UTF-8 mapping file for font encoding PU
)
Package hyperref Info: Option `draft' set `true' on input line 4073.
Package hyperref Info: Option `unicode' set `true' on input line 4073.
Package hyperref Info: Hyper figures OFF on input line 4192.
Package hyperref Info: Link nesting OFF on input line 4197.
Package hyperref Info: Hyper index ON on input line 4200.
Package hyperref Info: Plain pages OFF on input line 4207.
Package hyperref Info: Backreferencing OFF on input line 4212.
Package hyperref Info: Implicit mode ON; LaTeX internals redefined.
Package hyperref Info: Bookmarks ON on input line 4445.
\c@Hy@tempcnt=\count281
(c:/Users/paezha/AppData/Roaming/TinyTeX/texmf-dist/tex/latex/url/url.sty
\Urlmuskip=\muskip16
Package: url 2013/09/16  ver 3.4  Verb mode for urls, etc.
)
LaTeX Info: Redefining \url on input line 4804.
\XeTeXLinkMargin=\dimen198

(c:/Users/paezha/AppData/Roaming/TinyTeX/texmf-dist/tex/generic/bitset/bitset.s
ty
Package: bitset 2019/12/09 v1.3 Handle bit-vector datatype (HO)

(c:/Users/paezha/AppData/Roaming/TinyTeX/texmf-dist/tex/generic/bigintcalc/bigi
ntcalc.sty
Package: bigintcalc 2019/12/15 v1.5 Expandable calculations on big integers (HO
)
))
\Fld@menulength=\count282
\Field@Width=\dimen199
\Fld@charsize=\dimen256
Package hyperref Info: Hyper figures OFF on input line 6076.
Package hyperref Info: Link nesting OFF on input line 6081.
Package hyperref Info: Hyper index ON on input line 6084.
Package hyperref Info: backreferencing OFF on input line 6091.
Package hyperref Info: Link coloring OFF on input line 6096.
Package hyperref Info: Link coloring with OCG OFF on input line 6101.
Package hyperref Info: PDF/A mode OFF on input line 6106.
LaTeX Info: Redefining \ref on input line 6146.
LaTeX Info: Redefining \pageref on input line 6150.

(c:/Users/paezha/AppData/Roaming/TinyTeX/texmf-dist/tex/latex/base/atbegshi-ltx
.sty
Package: atbegshi-ltx 2021/01/10 v1.0c Emulation of the original atbegshi
package with kernel methods
)
\Hy@abspage=\count283
\c@Item=\count284
\c@Hfootnote=\count285
)
Package hyperref Info: Driver (autodetected): hpdftex.

(c:/Users/paezha/AppData/Roaming/TinyTeX/texmf-dist/tex/latex/hyperref/hpdftex.
def
File: hpdftex.def 2021-06-07 v7.00m Hyperref driver for pdfTeX

(c:/Users/paezha/AppData/Roaming/TinyTeX/texmf-dist/tex/latex/base/atveryend-lt
x.sty
Package: atveryend-ltx 2020/08/19 v1.0a Emulation of the original atvery packag
e
with kernel methods
)
\Fld@listcount=\count286
\c@bookmark@seq@number=\count287

(c:/Users/paezha/AppData/Roaming/TinyTeX/texmf-dist/tex/latex/rerunfilecheck/re
runfilecheck.sty
Package: rerunfilecheck 2019/12/05 v1.9 Rerun checks for auxiliary files (HO)

(c:/Users/paezha/AppData/Roaming/TinyTeX/texmf-dist/tex/generic/uniquecounter/u
niquecounter.sty
Package: uniquecounter 2019/12/15 v1.4 Provide unlimited unique counter (HO)
)
Package uniquecounter Info: New unique counter `rerunfilecheck' on input line 2
86.
)
\Hy@SectionHShift=\skip66
)
Package hyperref Info: Option `breaklinks' set `true' on input line 166.

Package hyperref Warning: Option `bookmarks' has already been used,
(hyperref)                setting the option has no effect on input line 166.

Package hyperref Info: Option `colorlinks' set `true' on input line 166.

(c:/Users/paezha/AppData/Roaming/TinyTeX/texmf-dist/tex/latex/placeins/placeins
.sty
Package: placeins 2005/04/18  v 2.2
)
(c:/Users/paezha/AppData/Roaming/TinyTeX/texmf-dist/tex/latex/l3backend/l3backe
nd-pdftex.def
File: l3backend-pdftex.def 2021-08-04 L3 backend support: PDF output (pdfTeX)
\l__color_backend_stack_int=\count288
\l__pdf_internal_box=\box67
) (./skeleton.aux)
\openout1 = `skeleton.aux'.

LaTeX Font Info:    Checking defaults for OML/cmm/m/it on input line 181.
LaTeX Font Info:    ... okay on input line 181.
LaTeX Font Info:    Checking defaults for OMS/cmsy/m/n on input line 181.
LaTeX Font Info:    ... okay on input line 181.
LaTeX Font Info:    Checking defaults for OT1/cmr/m/n on input line 181.
LaTeX Font Info:    ... okay on input line 181.
LaTeX Font Info:    Checking defaults for T1/cmr/m/n on input line 181.
LaTeX Font Info:    ... okay on input line 181.
LaTeX Font Info:    Checking defaults for TS1/cmr/m/n on input line 181.
LaTeX Font Info:    ... okay on input line 181.
LaTeX Font Info:    Checking defaults for OMX/cmex/m/n on input line 181.
LaTeX Font Info:    ... okay on input line 181.
LaTeX Font Info:    Checking defaults for U/cmr/m/n on input line 181.
LaTeX Font Info:    ... okay on input line 181.
LaTeX Font Info:    Checking defaults for PD1/pdf/m/n on input line 181.
LaTeX Font Info:    ... okay on input line 181.
LaTeX Font Info:    Checking defaults for PU/pdf/m/n on input line 181.
LaTeX Font Info:    ... okay on input line 181.
*geometry* driver: auto-detecting
*geometry* detected driver: pdftex
*geometry* verbose mode - [ preamble ] result:
* driver: pdftex
* paper: <default>
* layout: <same size as paper>
* layoutoffset:(h,v)=(0.0pt,0.0pt)
* modes: 
* h-part:(L,W,R)=(72.26999pt, 469.75502pt, 72.26999pt)
* v-part:(T,H,B)=(72.26999pt, 650.43001pt, 72.26999pt)
* \paperwidth=614.295pt
* \paperheight=794.96999pt
* \textwidth=469.75502pt
* \textheight=650.43001pt
* \oddsidemargin=0.0pt
* \evensidemargin=0.0pt
* \topmargin=-37.0pt
* \headheight=12.0pt
* \headsep=25.0pt
* \topskip=10.0pt
* \footskip=30.0pt
* \marginparwidth=65.0pt
* \marginparsep=11.0pt
* \columnsep=10.0pt
* \skip\footins=9.0pt plus 4.0pt minus 2.0pt
* \hoffset=0.0pt
* \voffset=0.0pt
* \mag=1000
* \@twocolumnfalse
* \@twosidefalse
* \@mparswitchfalse
* \@reversemarginfalse
* (1in=72.27pt=25.4mm, 1cm=28.453pt)


(c:/Users/paezha/AppData/Roaming/TinyTeX/texmf-dist/tex/latex/epstopdf-pkg/epst
opdf-base.sty
Package: epstopdf-base 2020-01-24 v2.11 Base part for package epstopdf

(c:/Users/paezha/AppData/Roaming/TinyTeX/texmf-dist/tex/latex/grfext/grfext.sty
Package: grfext 2019/12/03 v1.3 Manage graphics extensions (HO)
)
Package epstopdf-base Info: Redefining graphics rule for `.eps' on input line 4
85.
Package grfext Info: Graphics extension search list:
(grfext)             [.pdf,.png,.jpg,.mps,.jpeg,.jbig2,.jb2,.PDF,.PNG,.JPG,.JPE
G,.JBIG2,.JB2,.eps]
(grfext)             \AppendGraphicsExtensions on input line 504.

(c:/Users/paezha/AppData/Roaming/TinyTeX/texmf-dist/tex/latex/latexconfig/epsto
pdf-sys.cfg
File: epstopdf-sys.cfg 2010/07/13 v1.3 Configuration of (r)epstopdf for TeX Liv
e
))

Package hyperref Warning: Draft mode on.

Package hyperref Info: Link coloring ON on input line 181.

(c:/Users/paezha/AppData/Roaming/TinyTeX/texmf-dist/tex/latex/hyperref/nameref.
sty
Package: nameref 2021-04-02 v2.47 Cross-referencing by name of section

(c:/Users/paezha/AppData/Roaming/TinyTeX/texmf-dist/tex/latex/refcount/refcount
.sty
Package: refcount 2019/12/15 v3.6 Data extraction from label references (HO)
)
(c:/Users/paezha/AppData/Roaming/TinyTeX/texmf-dist/tex/generic/gettitlestring/
gettitlestring.sty
Package: gettitlestring 2019/12/15 v1.6 Cleanup title references (HO)
)
\c@section@level=\count289
)
LaTeX Info: Redefining \ref on input line 181.
LaTeX Info: Redefining \pageref on input line 181.
LaTeX Info: Redefining \nameref on input line 181.
LaTeX Font Info:    Trying to load font information for T1+phv on input line 19
9.
(c:/Users/paezha/AppData/Roaming/TinyTeX/texmf-dist/tex/latex/psnfss/t1phv.fd
File: t1phv.fd 2020/03/25 scalable font definitions for T1/phv.
)
LaTeX Font Info:    Font shape `T1/phv/bx/n' in size <11> not available
(Font)              Font shape `T1/phv/b/n' tried instead on input line 199.
LaTeX Font Info:    Trying to load font information for T1+lmtt on input line 2
48.
(c:/Users/paezha/AppData/Roaming/TinyTeX/texmf-dist/tex/latex/lm/t1lmtt.fd
File: t1lmtt.fd 2015/05/01 v1.6.1 Font defs for Latin Modern
)
LaTeX Font Info:    Trying to load font information for TS1+lmr on input line 2
61.
(c:/Users/paezha/AppData/Roaming/TinyTeX/texmf-dist/tex/latex/lm/ts1lmr.fd
File: ts1lmr.fd 2015/05/01 v1.6.1 Font defs for Latin Modern
)

Package xcolor Warning: Incompatible color definition on input line 293.


Package xcolor Warning: Incompatible color definition on input line 297.


Package xcolor Warning: Incompatible color definition on input line 297.


Package xcolor Warning: Incompatible color definition on input line 302.

[1

{c:/Users/paezha/AppData/Roaming/TinyTeX/texmf-var/fonts/map/pdftex/updmap/pdft
ex.map}]

Package xcolor Warning: Incompatible color definition on input line 308.


Package xcolor Warning: Incompatible color definition on input line 308.


Package xcolor Warning: Incompatible color definition on input line 319.


Package xcolor Warning: Incompatible color definition on input line 323.


Package xcolor Warning: Incompatible color definition on input line 323.


Package xcolor Warning: Incompatible color definition on input line 333.


Package xcolor Warning: Incompatible color definition on input line 337.


Package xcolor Warning: Incompatible color definition on input line 337.

LaTeX Font Info:    Font shape `T1/lmtt/bx/n' in size <14.4> not available
(Font)              Font shape `T1/lmtt/b/n' tried instead on input line 345.

Package xcolor Warning: Incompatible color definition on input line 355.


Package xcolor Warning: Incompatible color definition on input line 359.


Package xcolor Warning: Incompatible color definition on input line 359.


Package xcolor Warning: Incompatible color definition on input line 382.


Package xcolor Warning: Incompatible color definition on input line 387.


Package xcolor Warning: Incompatible color definition on input line 387.

<skeleton_files/figure-latex/unnamed-chunk-6-1.pdf, id=17, 469.755pt x 325.215p
t>
File: skeleton_files/figure-latex/unnamed-chunk-6-1.pdf Graphic file (type pdf)

<use skeleton_files/figure-latex/unnamed-chunk-6-1.pdf>
Package pdftex.def Info: skeleton_files/figure-latex/unnamed-chunk-6-1.pdf  use
d on input line 389.
(pdftex.def)             Requested size: 469.75386pt x 325.2142pt.

Overfull \hbox (14.99884pt too wide) in paragraph at lines 389--390
[][] 
 []

[2]

Package xcolor Warning: Incompatible color definition on input line 399.

LaTeX Font Info:    Trying to load font information for TS1+lmtt on input line 
403.
(c:/Users/paezha/AppData/Roaming/TinyTeX/texmf-dist/tex/latex/lm/ts1lmtt.fd
File: ts1lmtt.fd 2015/05/01 v1.6.1 Font defs for Latin Modern
)

Package xcolor Warning: Incompatible color definition on input line 405.


Package xcolor Warning: Incompatible color definition on input line 405.

<skeleton_files/figure-latex/unnamed-chunk-7-1.pdf, id=23, 469.755pt x 325.215p
t>
File: skeleton_files/figure-latex/unnamed-chunk-7-1.pdf Graphic file (type pdf)

<use skeleton_files/figure-latex/unnamed-chunk-7-1.pdf>
Package pdftex.def Info: skeleton_files/figure-latex/unnamed-chunk-7-1.pdf  use
d on input line 407.
(pdftex.def)             Requested size: 469.75386pt x 325.2142pt.

Overfull \hbox (14.99884pt too wide) in paragraph at lines 407--408
[][] 
 []

[3 <./skeleton_files/figure-latex/unnamed-chunk-6-1.pdf>]

Package xcolor Warning: Incompatible color definition on input line 444.


Package xcolor Warning: Incompatible color definition on input line 448.


Package xcolor Warning: Incompatible color definition on input line 448.


Package xcolor Warning: Incompatible color definition on input line 456.

[4 <./skeleton_files/figure-latex/unnamed-chunk-7-1.pdf>]

Package xcolor Warning: Incompatible color definition on input line 460.


Package xcolor Warning: Incompatible color definition on input line 460.


Package xcolor Warning: Incompatible color definition on input line 515.


Package xcolor Warning: Incompatible color definition on input line 519.


Package xcolor Warning: Incompatible color definition on input line 519.

[5]

Package xcolor Warning: Incompatible color definition on input line 535.


Package xcolor Warning: Incompatible color definition on input line 541.


Package xcolor Warning: Incompatible color definition on input line 541.


Package xcolor Warning: Incompatible color definition on input line 550.


Package xcolor Warning: Incompatible color definition on input line 556.


Package xcolor Warning: Incompatible color definition on input line 556.


Package xcolor Warning: Incompatible color definition on input line 572.


Package xcolor Warning: Incompatible color definition on input line 576.


Package xcolor Warning: Incompatible color definition on input line 576.

<skeleton_files/figure-latex/unnamed-chunk-13-1.pdf, id=48, 469.755pt x 325.215
pt>
File: skeleton_files/figure-latex/unnamed-chunk-13-1.pdf Graphic file (type pdf
)
<use skeleton_files/figure-latex/unnamed-chunk-13-1.pdf>
Package pdftex.def Info: skeleton_files/figure-latex/unnamed-chunk-13-1.pdf  us
ed on input line 578.
(pdftex.def)             Requested size: 469.75386pt x 325.2142pt.

Overfull \hbox (14.99884pt too wide) in paragraph at lines 578--579
[][] 
 []


Package xcolor Warning: Incompatible color definition on input line 584.

[6 <./skeleton_files/figure-latex/unnamed-chunk-13-1.pdf>]

Package xcolor Warning: Incompatible color definition on input line 589.


Package xcolor Warning: Incompatible color definition on input line 589.

<skeleton_files/figure-latex/unnamed-chunk-14-1.pdf, id=55, 469.755pt x 325.215
pt>
File: skeleton_files/figure-latex/unnamed-chunk-14-1.pdf Graphic file (type pdf
)
<use skeleton_files/figure-latex/unnamed-chunk-14-1.pdf>
Package pdftex.def Info: skeleton_files/figure-latex/unnamed-chunk-14-1.pdf  us
ed on input line 591.
(pdftex.def)             Requested size: 469.75386pt x 325.2142pt.

Overfull \hbox (14.99884pt too wide) in paragraph at lines 591--592
[][] 
 []


Package xcolor Warning: Incompatible color definition on input line 598.


Package xcolor Warning: Incompatible color definition on input line 604.


Package xcolor Warning: Incompatible color definition on input line 604.

<skeleton_files/figure-latex/unnamed-chunk-15-1.pdf, id=56, 469.755pt x 325.215
pt>
File: skeleton_files/figure-latex/unnamed-chunk-15-1.pdf Graphic file (type pdf
)
<use skeleton_files/figure-latex/unnamed-chunk-15-1.pdf>
Package pdftex.def Info: skeleton_files/figure-latex/unnamed-chunk-15-1.pdf  us
ed on input line 606.
(pdftex.def)             Requested size: 469.75386pt x 325.2142pt.

Overfull \hbox (14.99884pt too wide) in paragraph at lines 606--607
[][] 
 []

[7 <./skeleton_files/figure-latex/unnamed-chunk-14-1.pdf>]

Package xcolor Warning: Incompatible color definition on input line 612.


Package xcolor Warning: Incompatible color definition on input line 619.


Package xcolor Warning: Incompatible color definition on input line 619.

<skeleton_files/figure-latex/unnamed-chunk-16-1.pdf, id=67, 469.755pt x 325.215
pt>
File: skeleton_files/figure-latex/unnamed-chunk-16-1.pdf Graphic file (type pdf
)
<use skeleton_files/figure-latex/unnamed-chunk-16-1.pdf>
Package pdftex.def Info: skeleton_files/figure-latex/unnamed-chunk-16-1.pdf  us
ed on input line 621.
(pdftex.def)             Requested size: 469.75386pt x 325.2142pt.

Overfull \hbox (14.99884pt too wide) in paragraph at lines 621--622
[][] 
 []

[8 <./skeleton_files/figure-latex/unnamed-chunk-15-1.pdf>]

Package xcolor Warning: Incompatible color definition on input line 641.


Package xcolor Warning: Incompatible color definition on input line 653.


Package xcolor Warning: Incompatible color definition on input line 653.

<skeleton_files/figure-latex/unnamed-chunk-17-1.pdf, id=78, 469.755pt x 325.215
pt>
File: skeleton_files/figure-latex/unnamed-chunk-17-1.pdf Graphic file (type pdf
)
<use skeleton_files/figure-latex/unnamed-chunk-17-1.pdf>
Package pdftex.def Info: skeleton_files/figure-latex/unnamed-chunk-17-1.pdf  us
ed on input line 655.
(pdftex.def)             Requested size: 469.75386pt x 325.2142pt.

Overfull \hbox (14.99884pt too wide) in paragraph at lines 655--656
[][] 
 []

[9 <./skeleton_files/figure-latex/unnamed-chunk-16-1.pdf>]

Package xcolor Warning: Incompatible color definition on input line 666.


Package xcolor Warning: Incompatible color definition on input line 678.


Package xcolor Warning: Incompatible color definition on input line 678.

<skeleton_files/figure-latex/unnamed-chunk-18-1.pdf, id=89, 469.755pt x 325.215
pt>
File: skeleton_files/figure-latex/unnamed-chunk-18-1.pdf Graphic file (type pdf
)
<use skeleton_files/figure-latex/unnamed-chunk-18-1.pdf>
Package pdftex.def Info: skeleton_files/figure-latex/unnamed-chunk-18-1.pdf  us
ed on input line 680.
(pdftex.def)             Requested size: 469.75386pt x 325.2142pt.

Overfull \hbox (14.99884pt too wide) in paragraph at lines 680--681
[][] 
 []

[10 <./skeleton_files/figure-latex/unnamed-chunk-17-1.pdf>]

Package xcolor Warning: Incompatible color definition on input line 687.


Package xcolor Warning: Incompatible color definition on input line 695.


Package xcolor Warning: Incompatible color definition on input line 695.

<skeleton_files/figure-latex/unnamed-chunk-19-1.pdf, id=99, 469.755pt x 325.215
pt>
File: skeleton_files/figure-latex/unnamed-chunk-19-1.pdf Graphic file (type pdf
)
<use skeleton_files/figure-latex/unnamed-chunk-19-1.pdf>
Package pdftex.def Info: skeleton_files/figure-latex/unnamed-chunk-19-1.pdf  us
ed on input line 697.
(pdftex.def)             Requested size: 469.75386pt x 325.2142pt.

Overfull \hbox (14.99884pt too wide) in paragraph at lines 697--698
[][] 
 []

[11 <./skeleton_files/figure-latex/unnamed-chunk-18-1.pdf>]

Package xcolor Warning: Incompatible color definition on input line 704.


Package xcolor Warning: Incompatible color definition on input line 713.


Package xcolor Warning: Incompatible color definition on input line 713.

<skeleton_files/figure-latex/unnamed-chunk-20-1.pdf, id=109, 469.755pt x 325.21
5pt>
File: skeleton_files/figure-latex/unnamed-chunk-20-1.pdf Graphic file (type pdf
)
<use skeleton_files/figure-latex/unnamed-chunk-20-1.pdf>
Package pdftex.def Info: skeleton_files/figure-latex/unnamed-chunk-20-1.pdf  us
ed on input line 715.
(pdftex.def)             Requested size: 469.75386pt x 325.2142pt.

Overfull \hbox (14.99884pt too wide) in paragraph at lines 715--716
[][] 
 []

[12 <./skeleton_files/figure-latex/unnamed-chunk-19-1.pdf>]

Package xcolor Warning: Incompatible color definition on input line 736.


Package xcolor Warning: Incompatible color definition on input line 741.


Package xcolor Warning: Incompatible color definition on input line 741.


Package xcolor Warning: Incompatible color definition on input line 747.


Package xcolor Warning: Incompatible color definition on input line 752.


Package xcolor Warning: Incompatible color definition on input line 752.


Package xcolor Warning: Incompatible color definition on input line 763.

[13 <./skeleton_files/figure-latex/unnamed-chunk-20-1.pdf>]

Package xcolor Warning: Incompatible color definition on input line 768.


Package xcolor Warning: Incompatible color definition on input line 768.


Package xcolor Warning: Incompatible color definition on input line 777.


Package xcolor Warning: Incompatible color definition on input line 784.


Package xcolor Warning: Incompatible color definition on input line 784.

<skeleton_files/figure-latex/unnamed-chunk-24-1.pdf, id=129, 469.755pt x 325.21
5pt>
File: skeleton_files/figure-latex/unnamed-chunk-24-1.pdf Graphic file (type pdf
)
<use skeleton_files/figure-latex/unnamed-chunk-24-1.pdf>
Package pdftex.def Info: skeleton_files/figure-latex/unnamed-chunk-24-1.pdf  us
ed on input line 786.
(pdftex.def)             Requested size: 469.75386pt x 325.2142pt.

Overfull \hbox (14.99884pt too wide) in paragraph at lines 786--787
[][] 
 []


Package xcolor Warning: Incompatible color definition on input line 797.


Package xcolor Warning: Incompatible color definition on input line 806.


Package xcolor Warning: Incompatible color definition on input line 806.

<skeleton_files/figure-latex/unnamed-chunk-25-1.pdf, id=130, 469.755pt x 325.21
5pt>
File: skeleton_files/figure-latex/unnamed-chunk-25-1.pdf Graphic file (type pdf
)
<use skeleton_files/figure-latex/unnamed-chunk-25-1.pdf>
Package pdftex.def Info: skeleton_files/figure-latex/unnamed-chunk-25-1.pdf  us
ed on input line 812.
(pdftex.def)             Requested size: 469.75386pt x 325.2142pt.

Overfull \hbox (14.99884pt too wide) in paragraph at lines 812--813
[][] 
 []

[14 <./skeleton_files/figure-latex/unnamed-chunk-24-1.pdf>]

Package xcolor Warning: Incompatible color definition on input line 826.


Package xcolor Warning: Incompatible color definition on input line 832.


Package xcolor Warning: Incompatible color definition on input line 832.

[15 <./skeleton_files/figure-latex/unnamed-chunk-25-1.pdf>]
LaTeX Font Info:    Trying to load font information for OT1+lmr on input line 8
58.
(c:/Users/paezha/AppData/Roaming/TinyTeX/texmf-dist/tex/latex/lm/ot1lmr.fd
File: ot1lmr.fd 2015/05/01 v1.6.1 Font defs for Latin Modern
)
LaTeX Font Info:    Trying to load font information for OML+lmm on input line 8
58.
(c:/Users/paezha/AppData/Roaming/TinyTeX/texmf-dist/tex/latex/lm/omllmm.fd
File: omllmm.fd 2015/05/01 v1.6.1 Font defs for Latin Modern
)
LaTeX Font Info:    Trying to load font information for OMS+lmsy on input line 
858.
(c:/Users/paezha/AppData/Roaming/TinyTeX/texmf-dist/tex/latex/lm/omslmsy.fd
File: omslmsy.fd 2015/05/01 v1.6.1 Font defs for Latin Modern
)
LaTeX Font Info:    Trying to load font information for OMX+lmex on input line 
858.
(c:/Users/paezha/AppData/Roaming/TinyTeX/texmf-dist/tex/latex/lm/omxlmex.fd
File: omxlmex.fd 2015/05/01 v1.6.1 Font defs for Latin Modern
)
LaTeX Font Info:    External font `lmex10' loaded for size
(Font)              <10> on input line 858.
LaTeX Font Info:    External font `lmex10' loaded for size
(Font)              <7> on input line 858.
LaTeX Font Info:    External font `lmex10' loaded for size
(Font)              <5> on input line 858.

Package xcolor Warning: Incompatible color definition on input line 877.


Package xcolor Warning: Incompatible color definition on input line 883.


Package xcolor Warning: Incompatible color definition on input line 883.

[16]

Package xcolor Warning: Incompatible color definition on input line 935.


Package xcolor Warning: Incompatible color definition on input line 947.


Package xcolor Warning: Incompatible color definition on input line 947.

<skeleton_files/figure-latex/unnamed-chunk-28-1.pdf, id=152, 469.755pt x 325.21
5pt>
File: skeleton_files/figure-latex/unnamed-chunk-28-1.pdf Graphic file (type pdf
)
<use skeleton_files/figure-latex/unnamed-chunk-28-1.pdf>
Package pdftex.def Info: skeleton_files/figure-latex/unnamed-chunk-28-1.pdf  us
ed on input line 949.
(pdftex.def)             Requested size: 469.75386pt x 325.2142pt.

Overfull \hbox (14.99884pt too wide) in paragraph at lines 949--950
[][] 
 []

[17 <./skeleton_files/figure-latex/unnamed-chunk-28-1.pdf>] (./skeleton.aux) ) 
Here is how much of TeX's memory you used:
 19600 strings out of 480559
 365722 string characters out of 5901696
 661406 words of memory out of 5000000
 36856 multiletter control sequences out of 15000+600000
 452578 words of font info for 54 fonts, out of 8000000 for 9000
 14 hyphenation exceptions out of 8191
 101i,12n,108p,656b,473s stack positions out of 5000i,500n,10000p,200000b,80000s
{
c:/Users/paezha/AppData/Roaming/TinyTeX/texmf-dist/fonts/enc/dvips/lm/lm-mathit
.enc}{c:/Users/paezha/AppData/Roaming/TinyTeX/texmf-dist/fonts/enc/dvips/lm/lm-
ec.enc}{c:/Users/paezha/AppData/Roaming/TinyTeX/texmf-dist/fonts/enc/dvips/lm/l
m-ts1.enc}{c:/Users/paezha/AppData/Roaming/TinyTeX/texmf-dist/fonts/enc/dvips/b
ase/8r.enc}<c:/Users/paezha/AppData/Roaming/TinyTeX/texmf-dist/fonts/type1/publ
ic/lm/lmbx10.pfb><c:/Users/paezha/AppData/Roaming/TinyTeX/texmf-dist/fonts/type
1/public/lm/lmbx12.pfb><c:/Users/paezha/AppData/Roaming/TinyTeX/texmf-dist/font
s/type1/public/lm/lmmi10.pfb><c:/Users/paezha/AppData/Roaming/TinyTeX/texmf-dis
t/fonts/type1/public/lm/lmr10.pfb><c:/Users/paezha/AppData/Roaming/TinyTeX/texm
f-dist/fonts/type1/public/lm/lmr17.pfb><c:/Users/paezha/AppData/Roaming/TinyTeX
/texmf-dist/fonts/type1/public/lm/lmr9.pfb><c:/Users/paezha/AppData/Roaming/Tin
yTeX/texmf-dist/fonts/type1/public/lm/lmri10.pfb><c:/Users/paezha/AppData/Roami
ng/TinyTeX/texmf-dist/fonts/type1/public/lm/lmtk10.pfb><c:/Users/paezha/AppData
/Roaming/TinyTeX/texmf-dist/fonts/type1/public/lm/lmtt10.pfb><c:/Users/paezha/A
ppData/Roaming/TinyTeX/texmf-dist/fonts/type1/public/lm/lmtti10.pfb><c:/Users/p
aezha/AppData/Roaming/TinyTeX/texmf-dist/fonts/type1/urw/helvetic/uhvb8a.pfb>
Output written on skeleton.pdf (17 pages, 955763 bytes).
PDF statistics:
 218 PDF objects out of 1000 (max. 8388607)
 144 compressed objects within 2 object streams
 0 named destinations out of 1000 (max. 500000)
 78 words of extra memory for PDF output out of 10000 (max. 10000000)

